[2025-06-13 21:48:15] [Hardcore_world] The Player <MerKaiRain> has said => Test
[2025-06-13 21:48:49] [Hardcore_world] The Player <MerKaiRain> has said => Test
[2025-06-13 21:49:14] [Hardcore_world] The Player <MerKaiRain> has said => Test
[2025-06-13 21:49:36] [Hardcore_world] The Player <MerKaiRain> has said => Test
[2025-06-13 21:51:50] [Hardcore_world] The Player <MerKaiRain> has said => Test
[2025-06-13 22:06:32] [Hardcore_world] The Player <Chesvin1> has said => ow
[2025-06-13 22:06:33] [Hardcore_world] The Player <Chesvin1> has said => I'm up here
[2025-06-13 22:06:34] [Hardcore_world] The Player <Chesvin1> has said => XD
[2025-06-13 22:07:23] [Hardcore_world] The Player <Chesvin1> has said => Hmm what is that link?
[2025-06-13 22:07:29] [Hardcore_world] The Player <Chesvin1> has said => It sent me to a uh
[2025-06-13 22:07:33] [Hardcore_world] The Player <Chesvin1> has said => random site
[2025-06-13 22:08:08] [Hardcore_world] The Player <Chesvin1> has said => oh
[2025-06-13 22:08:11] [Hardcore_world] The Player <Chesvin1> has said => it's case sensitive
[2025-06-13 22:09:05] [Hardcore_world] The Player <Chesvin1> has said => Hmm no perms for /warp
[2025-06-13 22:10:28] [Hardcore_world] The Player <Chesvin1> has said => noppers
[2025-06-13 22:13:16] [Hardcore_world] The Player <Chesvin1> has said => there we go
[2025-06-13 22:13:26] [Hardcore_world] The Player <MerKaiRain> has said => Noice
[2025-06-13 22:18:20] [Hardcore_world] The Player <Chesvin1> has said => Looks good
[2025-06-13 22:20:12] [Hardcore_world] The Player <Chesvin1> has said => making an axe was hard
[2025-06-13 22:20:14] [Hardcore_world] The Player <Chesvin1> has said => lol
[2025-06-13 22:20:20] [Hardcore_world] The Player <MerKaiRain> has said => xD hardcore?
[2025-06-13 22:20:27] [Hardcore_world] The Player <Chesvin1> has said => hehe
[2025-06-13 22:20:56] [Hardcore_world] The Player <Chesvin1> has said => I'll send a few notes of things that could be fixed/improved
[2025-06-13 22:21:03] [Hardcore_world] The Player <MerKaiRain> has said => Sounds good!
