[2025-06-13 20:42:18] [Hardcore_world] The Player <MerKaiRain> has executed => /pl
[2025-06-13 21:02:20] [Hardcore_world] The Player <MerKaiRain> has executed => /pl
[2025-06-13 21:04:32] [Hardcore_world] The Player <MerKaiRain> has executed => /dh convert HolographicDisplays
[2025-06-13 21:47:51] [Hardcore_world] The Player <MerKaiRain> has executed => /wild
[2025-06-13 21:48:07] [Hardcore_world] The Player <MerKaiRain> has executed => //brush
[2025-06-13 22:08:33] [Hardcore_world] The Player <Chesvin1> has executed => /warp info
[2025-06-13 22:10:25] [Hardcore_world] The Player <Chesvin1> has executed => /warp info
[2025-06-13 22:10:31] [Hardcore_world] The Player <Chesvin1> has executed => /warp info
[2025-06-13 22:10:34] [Hardcore_world] The Player <Chesvin1> has executed => /warp info
[2025-06-13 22:10:38] [Hardcore_world] The Player <Chesvin1> has executed => /warp
[2025-06-13 22:10:39] [Hardcore_world] The Player <Chesvin1> has executed => /warps
[2025-06-13 22:10:42] [Hardcore_world] The Player <Chesvin1> has executed => /warp info
[2025-06-13 22:11:43] [Hardcore_world] The Player <MerKaiRain> has executed => /warp info
[2025-06-13 22:11:45] [Hardcore_world] The Player <MerKaiRain> has executed => /spawn
[2025-06-13 22:12:00] [Hardcore_world] The Player <MerKaiRain> has executed => /spawn
[2025-06-13 22:13:14] [Hardcore_world] The Player <Chesvin1> has executed => /warp info
[2025-06-13 22:13:59] [Hardcore_world_nether] The Player <Chesvin1> has executed => /Spawn
[2025-06-13 22:14:00] [Hardcore_world_nether] The Player <Chesvin1> has executed => /spawn
[2025-06-13 22:14:12] [Hardcore_world] The Player <Chesvin1> has executed => /pl
[2025-06-13 22:15:24] [Hardcore_world] The Player <Chesvin1> has executed => /wild
[2025-06-13 22:16:40] [Hardcore_world] The Player <Chesvin1> has executed => /spawn
[2025-06-13 22:16:44] [Hardcore_world] The Player <Chesvin1> has executed => /wild
[2025-06-13 22:18:15] [Hardcore_world] The Player <Chesvin1> has executed => /spawn
[2025-06-13 22:43:48] [Hardcore_world] The Player <MerKaiRain> has executed => /dh holograms info
