[2025-06-13 20:39:15] list
[2025-06-13 20:42:19] list
[2025-06-13 20:45:24] list
[2025-06-13 20:48:28] list
[2025-06-13 20:51:32] list
[2025-06-13 20:54:37] list
[2025-06-13 20:55:32] save-all
[2025-06-13 20:55:32] stop
[2025-06-13 20:58:47] save-all
[2025-06-13 20:58:47] stop
[2025-06-13 21:04:31] list
[2025-06-13 21:04:45] op MerKaiRain
[2025-06-13 21:05:30] save-all
[2025-06-13 21:05:30] stop
[2025-06-13 21:24:16] lp editor
[2025-06-13 21:24:20] lp editor
[2025-06-13 21:24:57] lp trusteditor 5053-e095
[2025-06-13 21:26:23] list
[2025-06-13 21:29:27] list
[2025-06-13 21:32:32] list
[2025-06-13 21:35:36] list
[2025-06-13 21:38:40] list
[2025-06-13 21:41:45] list
[2025-06-13 21:44:49] list
[2025-06-13 21:44:53] save-all
[2025-06-13 21:44:53] stop
[2025-06-13 21:47:42] deop MerKaiRain
[2025-06-13 21:48:36] list
[2025-06-13 21:48:45] lp user MerKaiRain parent set moderator
[2025-06-13 21:49:09] lp user MerKaiRain parent set elite
[2025-06-13 21:49:30] lp user MerKaiRain parent set admin
[2025-06-13 21:49:49] lp user MerKaiRain parent set owner
[2025-06-13 21:50:47] lp editor
[2025-06-13 21:51:40] list
[2025-06-13 21:52:06] lp user MerKaiRain parent set owner
[2025-06-13 21:52:57] save-all
[2025-06-13 21:52:57] stop
[2025-06-13 21:57:45] list
[2025-06-13 22:00:49] list
[2025-06-13 22:03:54] list
[2025-06-13 22:06:58] list
[2025-06-13 22:09:44] lp editor
[2025-06-13 22:10:03] list
[2025-06-13 22:13:07] list
[2025-06-13 22:16:11] list
[2025-06-13 22:19:16] list
[2025-06-13 22:22:20] list
[2025-06-13 22:25:24] list
[2025-06-13 22:28:29] list
[2025-06-13 22:31:33] list
[2025-06-13 22:34:37] list
[2025-06-13 22:36:32] save-all
[2025-06-13 22:36:32] stop
[2025-06-13 22:44:03] op MerKaiRain
[2025-06-13 22:44:12] list
[2025-06-13 22:47:17] list
[2025-06-13 22:50:21] list
[2025-06-13 22:53:26] list
[2025-06-13 22:56:30] list
[2025-06-13 22:58:48] save-all
[2025-06-13 22:58:48] stop
[2025-06-13 23:02:29] list
[2025-06-13 23:02:44] save-all
[2025-06-13 23:02:44] stop
[2025-06-13 23:09:50] save-all
[2025-06-13 23:09:50] stop
[2025-06-13 23:18:02] list
[2025-06-13 23:21:06] list
[2025-06-13 23:24:11] list
[2025-06-13 23:27:15] list
[2025-06-13 23:29:31] save-all
[2025-06-13 23:29:31] stop
[2025-06-13 23:41:30] list
[2025-06-13 23:44:35] list
[2025-06-13 23:46:46] save-all
[2025-06-13 23:46:46] stop
